#
# There is insufficient memory for the Java Runtime Environment to continue.
# Native memory allocation (malloc) failed to allocate 32744 bytes for ChunkPool::allocate
# Possible reasons:
#   The system is out of physical RAM or swap space
#   The process is running with CompressedOops enabled, and the Java Heap may be blocking the growth of the native heap
# Possible solutions:
#   Reduce memory load on the system
#   Increase physical memory or swap space
#   Check if swap backing store is full
#   Decrease Java heap size (-Xmx/-Xms)
#   Decrease number of Java threads
#   Decrease Java thread stack sizes (-Xss)
#   Set larger code cache with -XX:ReservedCodeCacheSize=
#   JVM is running with Unscaled Compressed Oops mode in which the Java heap is
#     placed in the first 4GB address space. The Java Heap base address is the
#     maximum limit for the native heap growth. Please use -XX:HeapBaseMinAddress
#     to set the Java Heap base and to place the Java Heap above 4GB virtual address.
# This output file may be truncated or incomplete.
#
#  Out of Memory Error (src/hotspot/share/memory/arena.cpp:81), pid=9044, tid=5496
#
# JRE version: OpenJDK Runtime Environment (11.0.15) (build 11.0.15+0-b2043.56-9505619)
# Java VM: OpenJDK 64-Bit Server VM (11.0.15+0-b2043.56-9505619, mixed mode, tiered, compressed oops, g1 gc, windows-amd64)
# No core dump will be written. Minidumps are not enabled by default on client versions of Windows
#

---------------  S U M M A R Y ------------

Command Line: --add-opens=java.base/java.util=ALL-UNNAMED --add-opens=java.base/java.lang=ALL-UNNAMED --add-opens=java.base/java.lang.invoke=ALL-UNNAMED --add-opens=java.base/java.util=ALL-UNNAMED --add-opens=java.prefs/java.util.prefs=ALL-UNNAMED --add-opens=java.prefs/java.util.prefs=ALL-UNNAMED --add-opens=java.base/java.nio.charset=ALL-UNNAMED --add-opens=java.base/java.net=ALL-UNNAMED --add-opens=java.base/java.util.concurrent.atomic=ALL-UNNAMED -Xmx2048m -Dfile.encoding=UTF-8 -Duser.country=US -Duser.language=en -Duser.variant org.gradle.launcher.daemon.bootstrap.GradleDaemon 7.5

Host: Intel(R) Core(TM) i3-3217U CPU @ 1.80GHz, 4 cores, 7G,  Windows 10 , 64 bit Build 16299 (10.0.16299.15)
Time: Sat Apr 15 17:06:05 2023 Egypt Standard Time elapsed time: 17.176183 seconds (0d 0h 0m 17s)

---------------  T H R E A D  ---------------

Current thread (0x000002c4cc533000):  JavaThread "C1 CompilerThread0" daemon [_thread_in_native, id=5496, stack(0x000000d44bd00000,0x000000d44be00000)]


Current CompileTask:
C1:  17176 4244       3       sun.reflect.generics.reflectiveObjects.ParameterizedTypeImpl::toString (209 bytes)

Stack: [0x000000d44bd00000,0x000000d44be00000]
Native frames: (J=compiled Java code, j=interpreted, Vv=VM code, C=native code)
V  [jvm.dll+0x64135a]
V  [jvm.dll+0x7d39f9]
V  [jvm.dll+0x7d51b9]
V  [jvm.dll+0x7d58a3]
V  [jvm.dll+0x2691c5]
V  [jvm.dll+0xc1cbf]
V  [jvm.dll+0xc200c]
V  [jvm.dll+0x62ddb3]
V  [jvm.dll+0x15306c]
V  [jvm.dll+0x159343]
V  [jvm.dll+0x165c83]
V  [jvm.dll+0x159f6e]
V  [jvm.dll+0x159a77]
V  [jvm.dll+0x1598ae]
V  [jvm.dll+0x13bdd9]
V  [jvm.dll+0x13b8ea]
V  [jvm.dll+0x13bad4]
V  [jvm.dll+0x13ae22]
V  [jvm.dll+0x13ccbc]
V  [jvm.dll+0x230479]
V  [jvm.dll+0x22e5ef]
V  [jvm.dll+0x794de1]
V  [jvm.dll+0x78dc24]
V  [jvm.dll+0x6400f6]
C  [ucrtbase.dll+0x1d885]
C  [KERNEL32.DLL+0x11fe4]
C  [ntdll.dll+0x6ef91]


---------------  P R O C E S S  ---------------

Threads class SMR info:
_java_thread_list=0x000002c4ce41e9b0, length=35, elements={
0x000002c4b1f9d800, 0x000002c4cbbbb000, 0x000002c4cbbc9000, 0x000002c4cc524800,
0x000002c4cc526000, 0x000002c4cc528000, 0x000002c4cc52e800, 0x000002c4cc533000,
0x000002c4cbbdb000, 0x000002c4cc691800, 0x000002c4ce03c800, 0x000002c4cdcac800,
0x000002c4ccce4800, 0x000002c4cd83b000, 0x000002c4ce4a0800, 0x000002c4ce757000,
0x000002c4cf480800, 0x000002c4cdfb6800, 0x000002c4ce08d800, 0x000002c4cdfa9800,
0x000002c4cf0dd000, 0x000002c4cf0dc000, 0x000002c4cf0de000, 0x000002c4cf0df800,
0x000002c4cf0db800, 0x000002c4cf0de800, 0x000002c4cf0e0800, 0x000002c4cf0da800,
0x000002c4cf0e1000, 0x000002c4cc803800, 0x000002c4cc802800, 0x000002c4cc804800,
0x000002c4cc806000, 0x000002c4cc805000, 0x000002c4cc802000
}

Java Threads: ( => current thread )
  0x000002c4b1f9d800 JavaThread "main" [_thread_blocked, id=11624, stack(0x000000d44af00000,0x000000d44b000000)]
  0x000002c4cbbbb000 JavaThread "Reference Handler" daemon [_thread_blocked, id=1192, stack(0x000000d44b600000,0x000000d44b700000)]
  0x000002c4cbbc9000 JavaThread "Finalizer" daemon [_thread_blocked, id=9556, stack(0x000000d44b700000,0x000000d44b800000)]
  0x000002c4cc524800 JavaThread "Signal Dispatcher" daemon [_thread_blocked, id=3836, stack(0x000000d44b900000,0x000000d44ba00000)]
  0x000002c4cc526000 JavaThread "Attach Listener" daemon [_thread_blocked, id=1896, stack(0x000000d44ba00000,0x000000d44bb00000)]
  0x000002c4cc528000 JavaThread "Service Thread" daemon [_thread_blocked, id=10456, stack(0x000000d44bb00000,0x000000d44bc00000)]
  0x000002c4cc52e800 JavaThread "C2 CompilerThread0" daemon [_thread_in_native, id=8376, stack(0x000000d44bc00000,0x000000d44bd00000)]
=>0x000002c4cc533000 JavaThread "C1 CompilerThread0" daemon [_thread_in_native, id=5496, stack(0x000000d44bd00000,0x000000d44be00000)]
  0x000002c4cbbdb000 JavaThread "Sweeper thread" daemon [_thread_blocked, id=5008, stack(0x000000d44be00000,0x000000d44bf00000)]
  0x000002c4cc691800 JavaThread "Common-Cleaner" daemon [_thread_blocked, id=3188, stack(0x000000d44bf00000,0x000000d44c000000)]
  0x000002c4ce03c800 JavaThread "Daemon health stats" [_thread_blocked, id=12076, stack(0x000000d44c500000,0x000000d44c600000)]
  0x000002c4cdcac800 JavaThread "Incoming local TCP Connector on port 57310" [_thread_in_native, id=11848, stack(0x000000d44c600000,0x000000d44c700000)]
  0x000002c4ccce4800 JavaThread "Daemon periodic checks" [_thread_blocked, id=7092, stack(0x000000d44c700000,0x000000d44c800000)]
  0x000002c4cd83b000 JavaThread "Daemon" [_thread_blocked, id=10868, stack(0x000000d44c800000,0x000000d44c900000)]
  0x000002c4ce4a0800 JavaThread "Handler for socket connection from /127.0.0.1:57310 to /127.0.0.1:57311" [_thread_in_native, id=8084, stack(0x000000d44c900000,0x000000d44ca00000)]
  0x000002c4ce757000 JavaThread "Cancel handler" [_thread_blocked, id=6548, stack(0x000000d44ca00000,0x000000d44cb00000)]
  0x000002c4cf480800 JavaThread "Daemon worker" [_thread_in_vm, id=4536, stack(0x000000d44cb00000,0x000000d44cc00000)]
  0x000002c4cdfb6800 JavaThread "Asynchronous log dispatcher for DefaultDaemonConnection: socket connection from /127.0.0.1:57310 to /127.0.0.1:57311" [_thread_blocked, id=10464, stack(0x000000d44cc00000,0x000000d44cd00000)]
  0x000002c4ce08d800 JavaThread "Stdin handler" [_thread_blocked, id=864, stack(0x000000d44cd00000,0x000000d44ce00000)]
  0x000002c4cdfa9800 JavaThread "Daemon client event forwarder" [_thread_blocked, id=9688, stack(0x000000d44ce00000,0x000000d44cf00000)]
  0x000002c4cf0dd000 JavaThread "Cache worker for journal cache (C:\Users\M.Hamada\.gradle\caches\journal-1)" [_thread_blocked, id=2800, stack(0x000000d44d000000,0x000000d44d100000)]
  0x000002c4cf0dc000 JavaThread "File lock request listener" [_thread_in_native, id=11620, stack(0x000000d44d100000,0x000000d44d200000)]
  0x000002c4cf0de000 JavaThread "Cache worker for file hash cache (C:\Users\M.Hamada\.gradle\caches\7.5\fileHashes)" [_thread_blocked, id=8136, stack(0x000000d44d200000,0x000000d44d300000)]
  0x000002c4cf0df800 JavaThread "File watcher server" daemon [_thread_in_native, id=7336, stack(0x000000d44d300000,0x000000d44d400000)]
  0x000002c4cf0db800 JavaThread "File watcher consumer" daemon [_thread_blocked, id=8872, stack(0x000000d44d400000,0x000000d44d500000)]
  0x000002c4cf0de800 JavaThread "jar transforms" [_thread_blocked, id=10328, stack(0x000000d44d500000,0x000000d44d600000)]
  0x000002c4cf0e0800 JavaThread "jar transforms Thread 2" [_thread_blocked, id=904, stack(0x000000d44d600000,0x000000d44d700000)]
  0x000002c4cf0da800 JavaThread "jar transforms Thread 3" [_thread_blocked, id=7364, stack(0x000000d44d700000,0x000000d44d800000)]
  0x000002c4cf0e1000 JavaThread "jar transforms Thread 4" [_thread_blocked, id=8144, stack(0x000000d44d800000,0x000000d44d900000)]
  0x000002c4cc803800 JavaThread "Cache worker for checksums cache (E:\flutterproject\GalleryApp\.gradle\7.5\checksums)" [_thread_blocked, id=8908, stack(0x000000d44d900000,0x000000d44da00000)]
  0x000002c4cc802800 JavaThread "Cache worker for cache directory md-rule (C:\Users\M.Hamada\.gradle\caches\7.5\md-rule)" [_thread_blocked, id=6560, stack(0x000000d44da00000,0x000000d44db00000)]
  0x000002c4cc804800 JavaThread "Cache worker for file content cache (C:\Users\M.Hamada\.gradle\caches\7.5\fileContent)" [_thread_blocked, id=8580, stack(0x000000d44db00000,0x000000d44dc00000)]
  0x000002c4cc806000 JavaThread "Cache worker for file hash cache (E:\flutterproject\GalleryApp\.gradle\7.5\fileHashes)" [_thread_blocked, id=10804, stack(0x000000d44dc00000,0x000000d44dd00000)]
  0x000002c4cc805000 JavaThread "Cache worker for cache directory md-supplier (C:\Users\M.Hamada\.gradle\caches\7.5\md-supplier)" [_thread_blocked, id=7368, stack(0x000000d44dd00000,0x000000d44de00000)]
  0x000002c4cc802000 JavaThread "Cache worker for execution history cache (C:\Users\M.Hamada\.gradle\caches\7.5\executionHistory)" [_thread_blocked, id=6180, stack(0x000000d44de00000,0x000000d44df00000)]

Other Threads:
  0x000002c4cbbb5000 VMThread "VM Thread" [stack: 0x000000d44b500000,0x000000d44b600000] [id=10480]
  0x000002c4cc6a8000 WatcherThread [stack: 0x000000d44c000000,0x000000d44c100000] [id=5868]
  0x000002c4b1fb8000 GCTaskThread "GC Thread#0" [stack: 0x000000d44b000000,0x000000d44b100000] [id=7060]
  0x000002c4ccd3f000 GCTaskThread "GC Thread#1" [stack: 0x000000d44c200000,0x000000d44c300000] [id=1528]
  0x000002c4cce55800 GCTaskThread "GC Thread#2" [stack: 0x000000d44c300000,0x000000d44c400000] [id=1520]
  0x000002c4cf8a5000 GCTaskThread "GC Thread#3" [stack: 0x000000d44cf00000,0x000000d44d000000] [id=2440]
  0x000002c4b1fe8000 ConcurrentGCThread "G1 Main Marker" [stack: 0x000000d44b100000,0x000000d44b200000] [id=2016]
  0x000002c4b1fe9800 ConcurrentGCThread "G1 Conc#0" [stack: 0x000000d44b200000,0x000000d44b300000] [id=8992]
  0x000002c4b206e000 ConcurrentGCThread "G1 Refine#0" [stack: 0x000000d44b300000,0x000000d44b400000] [id=8920]
  0x000002c4cba00800 ConcurrentGCThread "G1 Young RemSet Sampling" [stack: 0x000000d44b400000,0x000000d44b500000] [id=5312]

Threads with active compile tasks:
C2 CompilerThread0    17369 4163       4       groovy.lang.MetaClassImpl$1MOPIter::methodNameAction (325 bytes)
C1 CompilerThread0    17369 4244       3       sun.reflect.generics.reflectiveObjects.ParameterizedTypeImpl::toString (209 bytes)

VM state:not at safepoint (normal execution)

VM Mutex/Monitor currently owned by a thread: None

Heap address: 0x0000000080000000, size: 2048 MB, Compressed Oops mode: 32-bit
Narrow klass base: 0x0000000000000000, Narrow klass shift: 3
Compressed class space size: 1073741824 Address: 0x0000000100000000

Heap:
 garbage-first heap   total 189440K, used 96503K [0x0000000080000000, 0x0000000100000000)
  region size 1024K, 19 young (19456K), 6 survivors (6144K)
 Metaspace       used 46792K, capacity 48022K, committed 48336K, reserved 1091584K
  class space    used 5883K, capacity 6352K, committed 6432K, reserved 1048576K
Heap Regions: E=young(eden), S=young(survivor), O=old, HS=humongous(starts), HC=humongous(continues), CS=collection set, F=free, A=archive, TAMS=top-at-mark-start (previous, next)
|   0|0x0000000080000000, 0x0000000080100000, 0x0000000080100000|100%|HS|  |TAMS 0x0000000080100000, 0x0000000080000000| Complete 
|   1|0x0000000080100000, 0x0000000080200000, 0x0000000080200000|100%|HC|  |TAMS 0x0000000080200000, 0x0000000080100000| Complete 
|   2|0x0000000080200000, 0x0000000080300000, 0x0000000080300000|100%|HC|  |TAMS 0x0000000080300000, 0x0000000080200000| Complete 
|   3|0x0000000080300000, 0x0000000080400000, 0x0000000080400000|100%| O|  |TAMS 0x0000000080400000, 0x0000000080300000| Untracked 
|   4|0x0000000080400000, 0x0000000080500000, 0x0000000080500000|100%| O|  |TAMS 0x0000000080500000, 0x0000000080400000| Untracked 
|   5|0x0000000080500000, 0x0000000080600000, 0x0000000080600000|100%| O|  |TAMS 0x0000000080600000, 0x0000000080500000| Untracked 
|   6|0x0000000080600000, 0x0000000080700000, 0x0000000080700000|100%| O|  |TAMS 0x0000000080700000, 0x0000000080600000| Untracked 
|   7|0x0000000080700000, 0x0000000080800000, 0x0000000080800000|100%| O|  |TAMS 0x0000000080800000, 0x0000000080700000| Untracked 
|   8|0x0000000080800000, 0x0000000080900000, 0x0000000080900000|100%| O|  |TAMS 0x0000000080900000, 0x0000000080800000| Untracked 
|   9|0x0000000080900000, 0x0000000080a00000, 0x0000000080a00000|100%| O|  |TAMS 0x0000000080a00000, 0x0000000080900000| Untracked 
|  10|0x0000000080a00000, 0x0000000080b00000, 0x0000000080b00000|100%| O|  |TAMS 0x0000000080b00000, 0x0000000080a00000| Untracked 
|  11|0x0000000080b00000, 0x0000000080c00000, 0x0000000080c00000|100%| O|  |TAMS 0x0000000080c00000, 0x0000000080b00000| Untracked 
|  12|0x0000000080c00000, 0x0000000080d00000, 0x0000000080d00000|100%| O|  |TAMS 0x0000000080d00000, 0x0000000080c00000| Untracked 
|  13|0x0000000080d00000, 0x0000000080e00000, 0x0000000080e00000|100%| O|  |TAMS 0x0000000080e00000, 0x0000000080d00000| Untracked 
|  14|0x0000000080e00000, 0x0000000080f00000, 0x0000000080f00000|100%| O|  |TAMS 0x0000000080f00000, 0x0000000080e00000| Untracked 
|  15|0x0000000080f00000, 0x0000000081000000, 0x0000000081000000|100%| O|  |TAMS 0x0000000081000000, 0x0000000080f00000| Untracked 
|  16|0x0000000081000000, 0x0000000081100000, 0x0000000081100000|100%|HS|  |TAMS 0x0000000081100000, 0x0000000081000000| Complete 
|  17|0x0000000081100000, 0x0000000081200000, 0x0000000081200000|100%|HC|  |TAMS 0x0000000081200000, 0x0000000081100000| Complete 
|  18|0x0000000081200000, 0x0000000081300000, 0x0000000081300000|100%|HS|  |TAMS 0x0000000081300000, 0x0000000081200000| Complete 
|  19|0x0000000081300000, 0x0000000081400000, 0x0000000081400000|100%|HC|  |TAMS 0x0000000081400000, 0x0000000081300000| Complete 
|  20|0x0000000081400000, 0x0000000081500000, 0x0000000081500000|100%|HC|  |TAMS 0x0000000081500000, 0x0000000081400000| Complete 
|  21|0x0000000081500000, 0x0000000081600000, 0x0000000081600000|100%|HS|  |TAMS 0x0000000081600000, 0x0000000081500000| Complete 
|  22|0x0000000081600000, 0x0000000081700000, 0x0000000081700000|100%|HC|  |TAMS 0x0000000081700000, 0x0000000081600000| Complete 
|  23|0x0000000081700000, 0x0000000081800000, 0x0000000081800000|100%|HC|  |TAMS 0x0000000081800000, 0x0000000081700000| Complete 
|  24|0x0000000081800000, 0x0000000081900000, 0x0000000081900000|100%|HS|  |TAMS 0x0000000081900000, 0x0000000081800000| Complete 
|  25|0x0000000081900000, 0x0000000081a00000, 0x0000000081a00000|100%|HC|  |TAMS 0x0000000081a00000, 0x0000000081900000| Complete 
|  26|0x0000000081a00000, 0x0000000081b00000, 0x0000000081b00000|100%|HS|  |TAMS 0x0000000081b00000, 0x0000000081a00000| Complete 
|  27|0x0000000081b00000, 0x0000000081c00000, 0x0000000081c00000|100%|HC|  |TAMS 0x0000000081c00000, 0x0000000081b00000| Complete 
|  28|0x0000000081c00000, 0x0000000081d00000, 0x0000000081d00000|100%|HC|  |TAMS 0x0000000081d00000, 0x0000000081c00000| Complete 
|  29|0x0000000081d00000, 0x0000000081e00000, 0x0000000081e00000|100%|HC|  |TAMS 0x0000000081e00000, 0x0000000081d00000| Complete 
|  30|0x0000000081e00000, 0x0000000081f00000, 0x0000000081f00000|100%|HC|  |TAMS 0x0000000081f00000, 0x0000000081e00000| Complete 
|  31|0x0000000081f00000, 0x0000000082000000, 0x0000000082000000|100%|HC|  |TAMS 0x0000000082000000, 0x0000000081f00000| Complete 
|  32|0x0000000082000000, 0x0000000082100000, 0x0000000082100000|100%|HC|  |TAMS 0x0000000082100000, 0x0000000082000000| Complete 
|  33|0x0000000082100000, 0x0000000082200000, 0x0000000082200000|100%|HC|  |TAMS 0x0000000082200000, 0x0000000082100000| Complete 
|  34|0x0000000082200000, 0x0000000082300000, 0x0000000082300000|100%|HC|  |TAMS 0x0000000082300000, 0x0000000082200000| Complete 
|  35|0x0000000082300000, 0x0000000082400000, 0x0000000082400000|100%|HC|  |TAMS 0x0000000082400000, 0x0000000082300000| Complete 
|  36|0x0000000082400000, 0x0000000082500000, 0x0000000082500000|100%|HS|  |TAMS 0x0000000082500000, 0x0000000082400000| Complete 
|  37|0x0000000082500000, 0x0000000082600000, 0x0000000082600000|100%|HC|  |TAMS 0x0000000082600000, 0x0000000082500000| Complete 
|  38|0x0000000082600000, 0x0000000082700000, 0x0000000082700000|100%|HS|  |TAMS 0x0000000082700000, 0x0000000082600000| Complete 
|  39|0x0000000082700000, 0x0000000082800000, 0x0000000082800000|100%|HC|  |TAMS 0x0000000082800000, 0x0000000082700000| Complete 
|  40|0x0000000082800000, 0x0000000082900000, 0x0000000082900000|100%|HC|  |TAMS 0x0000000082900000, 0x0000000082800000| Complete 
|  41|0x0000000082900000, 0x0000000082a00000, 0x0000000082a00000|100%|HC|  |TAMS 0x0000000082a00000, 0x0000000082900000| Complete 
|  42|0x0000000082a00000, 0x0000000082b00000, 0x0000000082b00000|100%|HC|  |TAMS 0x0000000082b00000, 0x0000000082a00000| Complete 
|  43|0x0000000082b00000, 0x0000000082c00000, 0x0000000082c00000|100%| O|  |TAMS 0x0000000082c00000, 0x0000000082b00000| Untracked 
|  44|0x0000000082c00000, 0x0000000082d00000, 0x0000000082d00000|100%| O|  |TAMS 0x0000000082d00000, 0x0000000082c00000| Untracked 
|  45|0x0000000082d00000, 0x0000000082e00000, 0x0000000082e00000|100%| O|  |TAMS 0x0000000082e00000, 0x0000000082d00000| Untracked 
|  46|0x0000000082e00000, 0x0000000082f00000, 0x0000000082f00000|100%| O|  |TAMS 0x0000000082f00000, 0x0000000082e00000| Untracked 
|  47|0x0000000082f00000, 0x0000000083000000, 0x0000000083000000|100%| O|  |TAMS 0x0000000083000000, 0x0000000082f00000| Untracked 
|  48|0x0000000083000000, 0x0000000083100000, 0x0000000083100000|100%| O|  |TAMS 0x0000000083100000, 0x0000000083000000| Untracked 
|  49|0x0000000083100000, 0x0000000083200000, 0x0000000083200000|100%| O|  |TAMS 0x0000000083200000, 0x0000000083100000| Untracked 
|  50|0x0000000083200000, 0x0000000083300000, 0x0000000083300000|100%| O|  |TAMS 0x0000000083300000, 0x0000000083200000| Untracked 
|  51|0x0000000083300000, 0x0000000083400000, 0x0000000083400000|100%|HS|  |TAMS 0x0000000083400000, 0x0000000083300000| Complete 
|  52|0x0000000083400000, 0x0000000083500000, 0x0000000083500000|100%|HC|  |TAMS 0x0000000083500000, 0x0000000083400000| Complete 
|  53|0x0000000083500000, 0x0000000083600000, 0x0000000083600000|100%|HS|  |TAMS 0x0000000083600000, 0x0000000083500000| Complete 
|  54|0x0000000083600000, 0x0000000083700000, 0x0000000083700000|100%|HC|  |TAMS 0x0000000083700000, 0x0000000083600000| Complete 
|  55|0x0000000083700000, 0x0000000083800000, 0x0000000083800000|100%|HC|  |TAMS 0x0000000083800000, 0x0000000083700000| Complete 
|  56|0x0000000083800000, 0x0000000083900000, 0x0000000083900000|100%|HS|  |TAMS 0x0000000083900000, 0x0000000083800000| Complete 
|  57|0x0000000083900000, 0x0000000083a00000, 0x0000000083a00000|100%|HC|  |TAMS 0x0000000083a00000, 0x0000000083900000| Complete 
|  58|0x0000000083a00000, 0x0000000083b00000, 0x0000000083b00000|100%|HC|  |TAMS 0x0000000083b00000, 0x0000000083a00000| Complete 
|  59|0x0000000083b00000, 0x0000000083c00000, 0x0000000083c00000|100%|HC|  |TAMS 0x0000000083c00000, 0x0000000083b00000| Complete 
|  60|0x0000000083c00000, 0x0000000083d00000, 0x0000000083d00000|100%|HC|  |TAMS 0x0000000083d00000, 0x0000000083c00000| Complete 
|  61|0x0000000083d00000, 0x0000000083e00000, 0x0000000083e00000|100%|HC|  |TAMS 0x0000000083e00000, 0x0000000083d00000| Complete 
|  62|0x0000000083e00000, 0x0000000083f00000, 0x0000000083f00000|100%|HC|  |TAMS 0x0000000083f00000, 0x0000000083e00000| Complete 
|  63|0x0000000083f00000, 0x0000000084000000, 0x0000000084000000|100%|HC|  |TAMS 0x0000000084000000, 0x0000000083f00000| Complete 
|  64|0x0000000084000000, 0x0000000084100000, 0x0000000084100000|100%|HC|  |TAMS 0x0000000084100000, 0x0000000084000000| Complete 
|  65|0x0000000084100000, 0x0000000084200000, 0x0000000084200000|100%|HC|  |TAMS 0x0000000084200000, 0x0000000084100000| Complete 
|  66|0x0000000084200000, 0x0000000084300000, 0x0000000084300000|100%|HS|  |TAMS 0x0000000084300000, 0x0000000084200000| Complete 
|  67|0x0000000084300000, 0x0000000084400000, 0x0000000084400000|100%|HC|  |TAMS 0x0000000084400000, 0x0000000084300000| Complete 
|  68|0x0000000084400000, 0x0000000084500000, 0x0000000084500000|100%| O|  |TAMS 0x0000000084500000, 0x0000000084400000| Untracked 
|  69|0x0000000084500000, 0x0000000084600000, 0x0000000084600000|100%| O|  |TAMS 0x0000000084600000, 0x0000000084500000| Untracked 
|  70|0x0000000084600000, 0x0000000084700000, 0x0000000084700000|100%| O|  |TAMS 0x0000000084700000, 0x0000000084600000| Untracked 
|  71|0x0000000084700000, 0x0000000084800000, 0x0000000084800000|100%| O|  |TAMS 0x0000000084800000, 0x0000000084700000| Untracked 
|  72|0x0000000084800000, 0x0000000084900000, 0x0000000084900000|100%| O|  |TAMS 0x0000000084900000, 0x0000000084800000| Untracked 
|  73|0x0000000084900000, 0x0000000084920800, 0x0000000084a00000| 12%| O|  |TAMS 0x0000000084920800, 0x0000000084900000| Untracked 
|  74|0x0000000084a00000, 0x0000000084b00000, 0x0000000084b00000|100%|HS|  |TAMS 0x0000000084b00000, 0x0000000084a00000| Complete 
|  75|0x0000000084b00000, 0x0000000084c00000, 0x0000000084c00000|100%|HC|  |TAMS 0x0000000084c00000, 0x0000000084b00000| Complete 
|  76|0x0000000084c00000, 0x0000000084d00000, 0x0000000084d00000|100%|HC|  |TAMS 0x0000000084d00000, 0x0000000084c00000| Complete 
|  77|0x0000000084d00000, 0x0000000084e00000, 0x0000000084e00000|100%|HS|  |TAMS 0x0000000084d00000, 0x0000000084d00000| Complete 
|  78|0x0000000084e00000, 0x0000000084e00000, 0x0000000084f00000|  0%| F|  |TAMS 0x0000000084e00000, 0x0000000084e00000| Untracked 
|  79|0x0000000084f00000, 0x0000000084f00000, 0x0000000085000000|  0%| F|  |TAMS 0x0000000084f00000, 0x0000000084f00000| Untracked 
|  80|0x0000000085000000, 0x0000000085000000, 0x0000000085100000|  0%| F|  |TAMS 0x0000000085000000, 0x0000000085000000| Untracked 
|  81|0x0000000085100000, 0x0000000085100000, 0x0000000085200000|  0%| F|  |TAMS 0x0000000085100000, 0x0000000085100000| Untracked 
|  82|0x0000000085200000, 0x0000000085200000, 0x0000000085300000|  0%| F|  |TAMS 0x0000000085200000, 0x0000000085200000| Untracked 
|  83|0x0000000085300000, 0x0000000085300000, 0x0000000085400000|  0%| F|  |TAMS 0x0000000085300000, 0x0000000085300000| Untracked 
|  84|0x0000000085400000, 0x0000000085400000, 0x0000000085500000|  0%| F|  |TAMS 0x0000000085400000, 0x0000000085400000| Untracked 
|  85|0x0000000085500000, 0x0000000085500000, 0x0000000085600000|  0%| F|  |TAMS 0x0000000085500000, 0x0000000085500000| Untracked 
|  86|0x0000000085600000, 0x0000000085600000, 0x0000000085700000|  0%| F|  |TAMS 0x0000000085600000, 0x0000000085600000| Untracked 
|  87|0x0000000085700000, 0x0000000085700000, 0x0000000085800000|  0%| F|  |TAMS 0x0000000085700000, 0x0000000085700000| Untracked 
|  88|0x0000000085800000, 0x0000000085800000, 0x0000000085900000|  0%| F|  |TAMS 0x0000000085800000, 0x0000000085800000| Untracked 
|  89|0x0000000085900000, 0x0000000085900000, 0x0000000085a00000|  0%| F|  |TAMS 0x0000000085900000, 0x0000000085900000| Untracked 
|  90|0x0000000085a00000, 0x0000000085a00000, 0x0000000085b00000|  0%| F|  |TAMS 0x0000000085a00000, 0x0000000085a00000| Untracked 
|  91|0x0000000085b00000, 0x0000000085b00000, 0x0000000085c00000|  0%| F|  |TAMS 0x0000000085b00000, 0x0000000085b00000| Untracked 
|  92|0x0000000085c00000, 0x0000000085c00000, 0x0000000085d00000|  0%| F|  |TAMS 0x0000000085c00000, 0x0000000085c00000| Untracked 
|  93|0x0000000085d00000, 0x0000000085d00000, 0x0000000085e00000|  0%| F|  |TAMS 0x0000000085d00000, 0x0000000085d00000| Untracked 
|  94|0x0000000085e00000, 0x0000000085e00000, 0x0000000085f00000|  0%| F|  |TAMS 0x0000000085e00000, 0x0000000085e00000| Untracked 
|  95|0x0000000085f00000, 0x0000000085f00000, 0x0000000086000000|  0%| F|  |TAMS 0x0000000085f00000, 0x0000000085f00000| Untracked 
|  96|0x0000000086000000, 0x0000000086000000, 0x0000000086100000|  0%| F|  |TAMS 0x0000000086000000, 0x0000000086000000| Untracked 
|  97|0x0000000086100000, 0x0000000086100000, 0x0000000086200000|  0%| F|  |TAMS 0x0000000086100000, 0x0000000086100000| Untracked 
|  98|0x0000000086200000, 0x0000000086200000, 0x0000000086300000|  0%| F|  |TAMS 0x0000000086200000, 0x0000000086200000| Untracked 
|  99|0x0000000086300000, 0x0000000086300000, 0x0000000086400000|  0%| F|  |TAMS 0x0000000086300000, 0x0000000086300000| Untracked 
| 100|0x0000000086400000, 0x0000000086400000, 0x0000000086500000|  0%| F|  |TAMS 0x0000000086400000, 0x0000000086400000| Untracked 
| 101|0x0000000086500000, 0x0000000086500000, 0x0000000086600000|  0%| F|  |TAMS 0x0000000086500000, 0x0000000086500000| Untracked 
| 102|0x0000000086600000, 0x0000000086600000, 0x0000000086700000|  0%| F|  |TAMS 0x0000000086600000, 0x0000000086600000| Untracked 
| 103|0x0000000086700000, 0x0000000086700000, 0x0000000086800000|  0%| F|  |TAMS 0x0000000086700000, 0x0000000086700000| Untracked 
| 104|0x0000000086800000, 0x0000000086800000, 0x0000000086900000|  0%| F|  |TAMS 0x0000000086800000, 0x0000000086800000| Untracked 
| 105|0x0000000086900000, 0x0000000086900000, 0x0000000086a00000|  0%| F|  |TAMS 0x0000000086900000, 0x0000000086900000| Untracked 
| 106|0x0000000086a00000, 0x0000000086a00000, 0x0000000086b00000|  0%| F|  |TAMS 0x0000000086a00000, 0x0000000086a00000| Untracked 
| 107|0x0000000086b00000, 0x0000000086b00000, 0x0000000086c00000|  0%| F|  |TAMS 0x0000000086b00000, 0x0000000086b00000| Untracked 
| 108|0x0000000086c00000, 0x0000000086c00000, 0x0000000086d00000|  0%| F|  |TAMS 0x0000000086c00000, 0x0000000086c00000| Untracked 
| 109|0x0000000086d00000, 0x0000000086d00000, 0x0000000086e00000|  0%| F|  |TAMS 0x0000000086d00000, 0x0000000086d00000| Untracked 
| 110|0x0000000086e00000, 0x0000000086e00000, 0x0000000086f00000|  0%| F|  |TAMS 0x0000000086e00000, 0x0000000086e00000| Untracked 
| 111|0x0000000086f00000, 0x0000000086f00000, 0x0000000087000000|  0%| F|  |TAMS 0x0000000086f00000, 0x0000000086f00000| Untracked 
| 112|0x0000000087000000, 0x0000000087000000, 0x0000000087100000|  0%| F|  |TAMS 0x0000000087000000, 0x0000000087000000| Untracked 
| 113|0x0000000087100000, 0x0000000087100000, 0x0000000087200000|  0%| F|  |TAMS 0x0000000087100000, 0x0000000087100000| Untracked 
| 114|0x0000000087200000, 0x0000000087200000, 0x0000000087300000|  0%| F|  |TAMS 0x0000000087200000, 0x0000000087200000| Untracked 
| 115|0x0000000087300000, 0x0000000087300000, 0x0000000087400000|  0%| F|  |TAMS 0x0000000087300000, 0x0000000087300000| Untracked 
| 116|0x0000000087400000, 0x0000000087400000, 0x0000000087500000|  0%| F|  |TAMS 0x0000000087400000, 0x0000000087400000| Untracked 
| 117|0x0000000087500000, 0x0000000087500000, 0x0000000087600000|  0%| F|  |TAMS 0x0000000087500000, 0x0000000087500000| Untracked 
| 118|0x0000000087600000, 0x0000000087600000, 0x0000000087700000|  0%| F|  |TAMS 0x0000000087600000, 0x0000000087600000| Untracked 
| 119|0x0000000087700000, 0x0000000087700000, 0x0000000087800000|  0%| F|  |TAMS 0x0000000087700000, 0x0000000087700000| Untracked 
| 120|0x0000000087800000, 0x0000000087800000, 0x0000000087900000|  0%| F|  |TAMS 0x0000000087800000, 0x0000000087800000| Untracked 
| 121|0x0000000087900000, 0x0000000087900000, 0x0000000087a00000|  0%| F|  |TAMS 0x0000000087900000, 0x0000000087900000| Untracked 
| 122|0x0000000087a00000, 0x0000000087a00000, 0x0000000087b00000|  0%| F|  |TAMS 0x0000000087a00000, 0x0000000087a00000| Untracked 
| 123|0x0000000087b00000, 0x0000000087b00000, 0x0000000087c00000|  0%| F|  |TAMS 0x0000000087b00000, 0x0000000087b00000| Untracked 
| 124|0x0000000087c00000, 0x0000000087c00000, 0x0000000087d00000|  0%| F|  |TAMS 0x0000000087c00000, 0x0000000087c00000| Untracked 
| 125|0x0000000087d00000, 0x0000000087d00000, 0x0000000087e00000|  0%| F|  |TAMS 0x0000000087d00000, 0x0000000087d00000| Untracked 
| 126|0x0000000087e00000, 0x0000000087e00000, 0x0000000087f00000|  0%| F|  |TAMS 0x0000000087e00000, 0x0000000087e00000| Untracked 
| 127|0x0000000087f00000, 0x0000000087f00000, 0x0000000088000000|  0%| F|  |TAMS 0x0000000087f00000, 0x0000000087f00000| Untracked 
| 128|0x0000000088000000, 0x0000000088000000, 0x0000000088100000|  0%| F|  |TAMS 0x0000000088000000, 0x0000000088000000| Untracked 
| 129|0x0000000088100000, 0x0000000088100000, 0x0000000088200000|  0%| F|  |TAMS 0x0000000088100000, 0x0000000088100000| Untracked 
| 130|0x0000000088200000, 0x0000000088200000, 0x0000000088300000|  0%| F|  |TAMS 0x0000000088200000, 0x0000000088200000| Untracked 
| 131|0x0000000088300000, 0x0000000088300000, 0x0000000088400000|  0%| F|  |TAMS 0x0000000088300000, 0x0000000088300000| Untracked 
| 132|0x0000000088400000, 0x0000000088400000, 0x0000000088500000|  0%| F|  |TAMS 0x0000000088400000, 0x0000000088400000| Untracked 
| 133|0x0000000088500000, 0x000000008851d430, 0x0000000088600000| 11%| S|CS|TAMS 0x0000000088500000, 0x0000000088500000| Complete 
| 134|0x0000000088600000, 0x0000000088700000, 0x0000000088700000|100%| S|CS|TAMS 0x0000000088600000, 0x0000000088600000| Complete 
| 135|0x0000000088700000, 0x0000000088800000, 0x0000000088800000|100%| S|CS|TAMS 0x0000000088700000, 0x0000000088700000| Complete 
| 136|0x0000000088800000, 0x0000000088900000, 0x0000000088900000|100%| S|CS|TAMS 0x0000000088800000, 0x0000000088800000| Complete 
| 137|0x0000000088900000, 0x0000000088a00000, 0x0000000088a00000|100%| S|CS|TAMS 0x0000000088900000, 0x0000000088900000| Complete 
| 138|0x0000000088a00000, 0x0000000088b00000, 0x0000000088b00000|100%| S|CS|TAMS 0x0000000088a00000, 0x0000000088a00000| Complete 
| 139|0x0000000088b00000, 0x0000000088b00000, 0x0000000088c00000|  0%| F|  |TAMS 0x0000000088b00000, 0x0000000088b00000| Untracked 
| 140|0x0000000088c00000, 0x0000000088c00000, 0x0000000088d00000|  0%| F|  |TAMS 0x0000000088c00000, 0x0000000088c00000| Untracked 
| 141|0x0000000088d00000, 0x0000000088d00000, 0x0000000088e00000|  0%| F|  |TAMS 0x0000000088d00000, 0x0000000088d00000| Untracked 
| 142|0x0000000088e00000, 0x0000000088e00000, 0x0000000088f00000|  0%| F|  |TAMS 0x0000000088e00000, 0x0000000088e00000| Untracked 
| 143|0x0000000088f00000, 0x0000000088f00000, 0x0000000089000000|  0%| F|  |TAMS 0x0000000088f00000, 0x0000000088f00000| Untracked 
| 144|0x0000000089000000, 0x0000000089000000, 0x0000000089100000|  0%| F|  |TAMS 0x0000000089000000, 0x0000000089000000| Untracked 
| 145|0x0000000089100000, 0x0000000089100000, 0x0000000089200000|  0%| F|  |TAMS 0x0000000089100000, 0x0000000089100000| Untracked 
| 146|0x0000000089200000, 0x0000000089200000, 0x0000000089300000|  0%| F|  |TAMS 0x0000000089200000, 0x0000000089200000| Untracked 
| 147|0x0000000089300000, 0x0000000089300000, 0x0000000089400000|  0%| F|  |TAMS 0x0000000089300000, 0x0000000089300000| Untracked 
| 148|0x0000000089400000, 0x0000000089400000, 0x0000000089500000|  0%| F|  |TAMS 0x0000000089400000, 0x0000000089400000| Untracked 
| 149|0x0000000089500000, 0x0000000089500000, 0x0000000089600000|  0%| F|  |TAMS 0x0000000089500000, 0x0000000089500000| Untracked 
| 150|0x0000000089600000, 0x0000000089600000, 0x0000000089700000|  0%| F|  |TAMS 0x0000000089600000, 0x0000000089600000| Untracked 
| 151|0x0000000089700000, 0x0000000089700000, 0x0000000089800000|  0%| F|  |TAMS 0x0000000089700000, 0x0000000089700000| Untracked 
| 152|0x0000000089800000, 0x0000000089800000, 0x0000000089900000|  0%| F|  |TAMS 0x0000000089800000, 0x0000000089800000| Untracked 
| 153|0x0000000089900000, 0x0000000089900000, 0x0000000089a00000|  0%| F|  |TAMS 0x0000000089900000, 0x0000000089900000| Untracked 
| 154|0x0000000089a00000, 0x0000000089a00000, 0x0000000089b00000|  0%| F|  |TAMS 0x0000000089a00000, 0x0000000089a00000| Untracked 
| 155|0x0000000089b00000, 0x0000000089b00000, 0x0000000089c00000|  0%| F|  |TAMS 0x0000000089b00000, 0x0000000089b00000| Untracked 
| 156|0x0000000089c00000, 0x0000000089c00000, 0x0000000089d00000|  0%| F|  |TAMS 0x0000000089c00000, 0x0000000089c00000| Untracked 
| 157|0x0000000089d00000, 0x0000000089d00000, 0x0000000089e00000|  0%| F|  |TAMS 0x0000000089d00000, 0x0000000089d00000| Untracked 
| 158|0x0000000089e00000, 0x0000000089e00000, 0x0000000089f00000|  0%| F|  |TAMS 0x0000000089e00000, 0x0000000089e00000| Untracked 
| 159|0x0000000089f00000, 0x0000000089f00000, 0x000000008a000000|  0%| F|  |TAMS 0x0000000089f00000, 0x0000000089f00000| Untracked 
| 160|0x000000008a000000, 0x000000008a000000, 0x000000008a100000|  0%| F|  |TAMS 0x000000008a000000, 0x000000008a000000| Untracked 
| 161|0x000000008a100000, 0x000000008a100000, 0x000000008a200000|  0%| F|  |TAMS 0x000000008a100000, 0x000000008a100000| Untracked 
| 162|0x000000008a200000, 0x000000008a200000, 0x000000008a300000|  0%| F|  |TAMS 0x000000008a200000, 0x000000008a200000| Untracked 
| 163|0x000000008a300000, 0x000000008a300000, 0x000000008a400000|  0%| F|  |TAMS 0x000000008a300000, 0x000000008a300000| Untracked 
| 164|0x000000008a400000, 0x000000008a400000, 0x000000008a500000|  0%| F|  |TAMS 0x000000008a400000, 0x000000008a400000| Untracked 
| 165|0x000000008a500000, 0x000000008a500000, 0x000000008a600000|  0%| F|  |TAMS 0x000000008a500000, 0x000000008a500000| Untracked 
| 166|0x000000008a600000, 0x000000008a600000, 0x000000008a700000|  0%| F|  |TAMS 0x000000008a600000, 0x000000008a600000| Untracked 
| 167|0x000000008a700000, 0x000000008a700000, 0x000000008a800000|  0%| F|  |TAMS 0x000000008a700000, 0x000000008a700000| Untracked 
| 168|0x000000008a800000, 0x000000008a800000, 0x000000008a900000|  0%| F|  |TAMS 0x000000008a800000, 0x000000008a800000| Untracked 
| 169|0x000000008a900000, 0x000000008a900000, 0x000000008aa00000|  0%| F|  |TAMS 0x000000008a900000, 0x000000008a900000| Untracked 
| 170|0x000000008aa00000, 0x000000008aa00000, 0x000000008ab00000|  0%| F|  |TAMS 0x000000008aa00000, 0x000000008aa00000| Untracked 
| 171|0x000000008ab00000, 0x000000008ab00000, 0x000000008ac00000|  0%| F|  |TAMS 0x000000008ab00000, 0x000000008ab00000| Untracked 
| 172|0x000000008ac00000, 0x000000008ac8ced0, 0x000000008ad00000| 55%| E|  |TAMS 0x000000008ac00000, 0x000000008ac00000| Complete 
| 173|0x000000008ad00000, 0x000000008ae00000, 0x000000008ae00000|100%| E|CS|TAMS 0x000000008ad00000, 0x000000008ad00000| Complete 
| 174|0x000000008ae00000, 0x000000008af00000, 0x000000008af00000|100%| E|CS|TAMS 0x000000008ae00000, 0x000000008ae00000| Complete 
| 175|0x000000008af00000, 0x000000008b000000, 0x000000008b000000|100%| E|CS|TAMS 0x000000008af00000, 0x000000008af00000| Complete 
| 176|0x000000008b000000, 0x000000008b100000, 0x000000008b100000|100%| E|CS|TAMS 0x000000008b000000, 0x000000008b000000| Complete 
| 177|0x000000008b100000, 0x000000008b200000, 0x000000008b200000|100%| E|CS|TAMS 0x000000008b100000, 0x000000008b100000| Complete 
| 178|0x000000008b200000, 0x000000008b300000, 0x000000008b300000|100%| E|CS|TAMS 0x000000008b200000, 0x000000008b200000| Complete 
| 179|0x000000008b300000, 0x000000008b400000, 0x000000008b400000|100%| E|CS|TAMS 0x000000008b300000, 0x000000008b300000| Complete 
| 180|0x000000008b400000, 0x000000008b500000, 0x000000008b500000|100%| E|CS|TAMS 0x000000008b400000, 0x000000008b400000| Complete 
| 181|0x000000008b500000, 0x000000008b600000, 0x000000008b600000|100%| E|CS|TAMS 0x000000008b500000, 0x000000008b500000| Complete 
| 182|0x000000008b600000, 0x000000008b700000, 0x000000008b700000|100%| E|CS|TAMS 0x000000008b600000, 0x000000008b600000| Complete 
| 183|0x000000008b700000, 0x000000008b800000, 0x000000008b800000|100%| E|CS|TAMS 0x000000008b700000, 0x000000008b700000| Complete 
| 184|0x000000008b800000, 0x000000008b900000, 0x000000008b900000|100%| E|CS|TAMS 0x000000008b800000, 0x000000008b800000| Complete 

Card table byte_map: [0x000002c4c4ec0000,0x000002c4c52c0000] _byte_map_base: 0x000002c4c4ac0000

Marking Bits (Prev, Next): (CMBitMap*) 0x000002c4b1fdf440, (CMBitMap*) 0x000002c4b1fdf408
 Prev Bits: [0x000002c4c76c0000, 0x000002c4c96c0000)
 Next Bits: [0x000002c4c56c0000, 0x000002c4c76c0000)

Polling page: 0x000002c4affb0000

Metaspace:

Usage:
  Non-class:     40.69 MB capacity,    39.95 MB ( 98%) used,   639.23 KB (  2%) free+waste,   122.25 KB ( <1%) overhead. 
      Class:      6.20 MB capacity,     5.75 MB ( 93%) used,   408.95 KB (  6%) free+waste,    59.38 KB ( <1%) overhead. 
       Both:     46.90 MB capacity,    45.70 MB ( 97%) used,     1.02 MB (  2%) free+waste,   181.63 KB ( <1%) overhead. 

Virtual space:
  Non-class space:       42.00 MB reserved,      40.92 MB ( 97%) committed 
      Class space:        1.00 GB reserved,       6.28 MB ( <1%) committed 
             Both:        1.04 GB reserved,      47.20 MB (  4%) committed 

Chunk freelists:
   Non-Class:  42.00 KB
       Class:  16.00 KB
        Both:  58.00 KB

MaxMetaspaceSize: 17179869184.00 GB
CompressedClassSpaceSize: 1.00 GB
Initial GC threshold: 20.80 MB
Current GC threshold: 77.21 MB
CDS: off

CodeHeap 'non-profiled nmethods': size=120064Kb used=2142Kb max_used=2142Kb free=117921Kb
 bounds [0x000002c4bd580000, 0x000002c4bd7f0000, 0x000002c4c4ac0000]
CodeHeap 'profiled nmethods': size=120000Kb used=9215Kb max_used=9215Kb free=110784Kb
 bounds [0x000002c4b6050000, 0x000002c4b6950000, 0x000002c4bd580000]
CodeHeap 'non-nmethods': size=5696Kb used=2292Kb max_used=2344Kb free=3403Kb
 bounds [0x000002c4b5ac0000, 0x000002c4b5d30000, 0x000002c4b6050000]
 total_blobs=5022 nmethods=4229 adapters=705
 compilation: enabled
              stopped_count=0, restarted_count=0
 full_count=0

Compilation events (20 events):
Event: 17.066 Thread 0x000002c4cc533000 nmethod 4234 0x000002c4b6948810 code [0x000002c4b69489c0, 0x000002c4b6948c58]
Event: 17.066 Thread 0x000002c4cc533000 4235       3       java.util.stream.Collectors$$Lambda$64/0x0000000100161c40::accept (11 bytes)
Event: 17.066 Thread 0x000002c4cc533000 nmethod 4235 0x000002c4b6948e10 code [0x000002c4b6948fe0, 0x000002c4b69492a8]
Event: 17.084 Thread 0x000002c4cc533000 4236       3       com.google.common.collect.MapMakerInternalMap::get (23 bytes)
Event: 17.085 Thread 0x000002c4cc533000 nmethod 4236 0x000002c4b6949390 code [0x000002c4b69495a0, 0x000002c4b6949a88]
Event: 17.085 Thread 0x000002c4cc533000 4237   !   3       com.google.common.collect.MapMakerInternalMap$Segment::get (58 bytes)
Event: 17.087 Thread 0x000002c4cc533000 nmethod 4237 0x000002c4b6949c90 code [0x000002c4b6949f60, 0x000002c4b694b248]
Event: 17.087 Thread 0x000002c4cc533000 4238       3       com.google.common.collect.MapMakerInternalMap$Segment::getLiveEntry (7 bytes)
Event: 17.087 Thread 0x000002c4cc533000 nmethod 4238 0x000002c4b694b910 code [0x000002c4b694bac0, 0x000002c4b694bc68]
Event: 17.087 Thread 0x000002c4cc533000 4239       3       com.google.common.collect.MapMakerInternalMap$Segment::postReadCleanup (18 bytes)
Event: 17.088 Thread 0x000002c4cc533000 nmethod 4239 0x000002c4b694bd10 code [0x000002c4b694bee0, 0x000002c4b694c228]
Event: 17.092 Thread 0x000002c4cc533000 4241       3       groovy.lang.MetaClassImpl::findMethod (130 bytes)
Event: 17.094 Thread 0x000002c4cc533000 nmethod 4241 0x000002c4b694c390 code [0x000002c4b694c660, 0x000002c4b694d678]
Event: 17.094 Thread 0x000002c4cc533000 4242       3       groovy.lang.MetaMethod::equal (38 bytes)
Event: 17.095 Thread 0x000002c4cc533000 nmethod 4242 0x000002c4b694db90 code [0x000002c4b694dd60, 0x000002c4b694dfd8]
Event: 17.095 Thread 0x000002c4cc533000 4243       3       org.gradle.internal.service.DefaultServiceRegistry$OwnServices::getAll (46 bytes)
Event: 17.095 Thread 0x000002c4cc533000 nmethod 4243 0x000002c4b694e110 code [0x000002c4b694e340, 0x000002c4b694ebe8]
Event: 17.096 Thread 0x000002c4cc533000 4240       3       org.codehaus.groovy.reflection.CachedMethod::find (30 bytes)
Event: 17.097 Thread 0x000002c4cc533000 nmethod 4240 0x000002c4b694ee90 code [0x000002c4b694f0e0, 0x000002c4b694fa38]
Event: 17.140 Thread 0x000002c4cc533000 4244       3       sun.reflect.generics.reflectiveObjects.ParameterizedTypeImpl::toString (209 bytes)

GC Heap History (20 events):
Event: 1.568 GC heap before
{Heap before GC invocations=1 (full 0):
 garbage-first heap   total 131072K, used 18174K [0x0000000080000000, 0x0000000100000000)
  region size 1024K, 14 young (14336K), 2 survivors (2048K)
 Metaspace       used 9894K, capacity 10122K, committed 10368K, reserved 1058816K
  class space    used 1011K, capacity 1102K, committed 1152K, reserved 1048576K
}
Event: 1.577 GC heap after
{Heap after GC invocations=2 (full 0):
 garbage-first heap   total 131072K, used 9180K [0x0000000080000000, 0x0000000100000000)
  region size 1024K, 2 young (2048K), 2 survivors (2048K)
 Metaspace       used 9894K, capacity 10122K, committed 10368K, reserved 1058816K
  class space    used 1011K, capacity 1102K, committed 1152K, reserved 1048576K
}
Event: 2.431 GC heap before
{Heap before GC invocations=2 (full 0):
 garbage-first heap   total 131072K, used 37852K [0x0000000080000000, 0x0000000100000000)
  region size 1024K, 29 young (29696K), 2 survivors (2048K)
 Metaspace       used 10899K, capacity 11077K, committed 11264K, reserved 1058816K
  class space    used 1113K, capacity 1207K, committed 1280K, reserved 1048576K
}
Event: 2.438 GC heap after
{Heap after GC invocations=3 (full 0):
 garbage-first heap   total 131072K, used 11928K [0x0000000080000000, 0x0000000100000000)
  region size 1024K, 4 young (4096K), 4 survivors (4096K)
 Metaspace       used 10899K, capacity 11077K, committed 11264K, reserved 1058816K
  class space    used 1113K, capacity 1207K, committed 1280K, reserved 1048576K
}
Event: 4.540 GC heap before
{Heap before GC invocations=3 (full 0):
 garbage-first heap   total 131072K, used 51864K [0x0000000080000000, 0x0000000100000000)
  region size 1024K, 43 young (44032K), 4 survivors (4096K)
 Metaspace       used 18081K, capacity 18472K, committed 18688K, reserved 1064960K
  class space    used 2098K, capacity 2258K, committed 2304K, reserved 1048576K
}
Event: 4.553 GC heap after
{Heap after GC invocations=4 (full 0):
 garbage-first heap   total 131072K, used 16450K [0x0000000080000000, 0x0000000100000000)
  region size 1024K, 6 young (6144K), 6 survivors (6144K)
 Metaspace       used 18081K, capacity 18472K, committed 18688K, reserved 1064960K
  class space    used 2098K, capacity 2258K, committed 2304K, reserved 1048576K
}
Event: 5.464 GC heap before
{Heap before GC invocations=4 (full 0):
 garbage-first heap   total 131072K, used 40002K [0x0000000080000000, 0x0000000100000000)
  region size 1024K, 31 young (31744K), 6 survivors (6144K)
 Metaspace       used 20797K, capacity 21222K, committed 21296K, reserved 1069056K
  class space    used 2506K, capacity 2665K, committed 2688K, reserved 1048576K
}
Event: 5.475 GC heap after
{Heap after GC invocations=5 (full 0):
 garbage-first heap   total 157696K, used 17342K [0x0000000080000000, 0x0000000100000000)
  region size 1024K, 1 young (1024K), 1 survivors (1024K)
 Metaspace       used 20797K, capacity 21222K, committed 21296K, reserved 1069056K
  class space    used 2506K, capacity 2665K, committed 2688K, reserved 1048576K
}
Event: 7.737 GC heap before
{Heap before GC invocations=6 (full 0):
 garbage-first heap   total 157696K, used 71614K [0x0000000080000000, 0x0000000100000000)
  region size 1024K, 54 young (55296K), 1 survivors (1024K)
 Metaspace       used 26402K, capacity 27013K, committed 27260K, reserved 1073152K
  class space    used 3425K, capacity 3667K, committed 3788K, reserved 1048576K
}
Event: 7.746 GC heap after
{Heap after GC invocations=7 (full 0):
 garbage-first heap   total 157696K, used 19185K [0x0000000080000000, 0x0000000100000000)
  region size 1024K, 3 young (3072K), 3 survivors (3072K)
 Metaspace       used 26402K, capacity 27013K, committed 27260K, reserved 1073152K
  class space    used 3425K, capacity 3667K, committed 3788K, reserved 1048576K
}
Event: 10.875 GC heap before
{Heap before GC invocations=7 (full 0):
 garbage-first heap   total 157696K, used 111345K [0x0000000080000000, 0x0000000100000000)
  region size 1024K, 67 young (68608K), 3 survivors (3072K)
 Metaspace       used 31999K, capacity 32931K, committed 33148K, reserved 1077248K
  class space    used 4299K, capacity 4682K, committed 4812K, reserved 1048576K
}
Event: 10.887 GC heap after
{Heap after GC invocations=8 (full 0):
 garbage-first heap   total 157696K, used 52172K [0x0000000080000000, 0x0000000100000000)
  region size 1024K, 8 young (8192K), 8 survivors (8192K)
 Metaspace       used 31999K, capacity 32931K, committed 33148K, reserved 1077248K
  class space    used 4299K, capacity 4682K, committed 4812K, reserved 1048576K
}
Event: 11.944 GC heap before
{Heap before GC invocations=8 (full 0):
 garbage-first heap   total 157696K, used 70604K [0x0000000080000000, 0x0000000100000000)
  region size 1024K, 27 young (27648K), 8 survivors (8192K)
 Metaspace       used 35006K, capacity 35970K, committed 36048K, reserved 1081344K
  class space    used 4675K, capacity 5078K, committed 5152K, reserved 1048576K
}
Event: 11.962 GC heap after
{Heap after GC invocations=9 (full 0):
 garbage-first heap   total 157696K, used 54042K [0x0000000080000000, 0x0000000100000000)
  region size 1024K, 2 young (2048K), 2 survivors (2048K)
 Metaspace       used 35006K, capacity 35970K, committed 36048K, reserved 1081344K
  class space    used 4675K, capacity 5078K, committed 5152K, reserved 1048576K
}
Event: 14.026 GC heap before
{Heap before GC invocations=10 (full 0):
 garbage-first heap   total 157696K, used 105242K [0x0000000080000000, 0x0000000100000000)
  region size 1024K, 50 young (51200K), 2 survivors (2048K)
 Metaspace       used 41802K, capacity 42859K, committed 43088K, reserved 1087488K
  class space    used 5286K, capacity 5685K, committed 5792K, reserved 1048576K
}
Event: 14.043 GC heap after
{Heap after GC invocations=11 (full 0):
 garbage-first heap   total 157696K, used 58609K [0x0000000080000000, 0x0000000100000000)
  region size 1024K, 7 young (7168K), 7 survivors (7168K)
 Metaspace       used 41802K, capacity 42859K, committed 43088K, reserved 1087488K
  class space    used 5286K, capacity 5685K, committed 5792K, reserved 1048576K
}
Event: 15.772 GC heap before
{Heap before GC invocations=12 (full 0):
 garbage-first heap   total 157696K, used 115953K [0x0000000080000000, 0x0000000100000000)
  region size 1024K, 48 young (49152K), 7 survivors (7168K)
 Metaspace       used 44599K, capacity 45708K, committed 45776K, reserved 1089536K
  class space    used 5706K, capacity 6117K, committed 6176K, reserved 1048576K
}
Event: 15.796 GC heap after
{Heap after GC invocations=13 (full 0):
 garbage-first heap   total 157696K, used 78168K [0x0000000080000000, 0x0000000100000000)
  region size 1024K, 4 young (4096K), 4 survivors (4096K)
 Metaspace       used 44599K, capacity 45708K, committed 45776K, reserved 1089536K
  class space    used 5706K, capacity 6117K, committed 6176K, reserved 1048576K
}
Event: 16.420 GC heap before
{Heap before GC invocations=14 (full 0):
 garbage-first heap   total 157696K, used 94552K [0x0000000080000000, 0x0000000100000000)
  region size 1024K, 19 young (19456K), 4 survivors (4096K)
 Metaspace       used 45327K, capacity 46557K, committed 46672K, reserved 1089536K
  class space    used 5784K, capacity 6248K, committed 6304K, reserved 1048576K
}
Event: 16.433 GC heap after
{Heap after GC invocations=15 (full 0):
 garbage-first heap   total 189440K, used 83191K [0x0000000080000000, 0x0000000100000000)
  region size 1024K, 6 young (6144K), 6 survivors (6144K)
 Metaspace       used 45327K, capacity 46557K, committed 46672K, reserved 1089536K
  class space    used 5784K, capacity 6248K, committed 6304K, reserved 1048576K
}

Deoptimization events (20 events):
Event: 14.298 Thread 0x000002c4cf480800 DEOPT PACKING pc=0x000002c4bd709f34 sp=0x000000d44cbf7400
Event: 14.298 Thread 0x000002c4cf480800 DEOPT UNPACKING pc=0x000002c4b5b0a1af sp=0x000000d44cbf7378 mode 2
Event: 14.662 Thread 0x000002c4cf480800 DEOPT PACKING pc=0x000002c4b67f1374 sp=0x000000d44cbf85b0
Event: 14.662 Thread 0x000002c4cf480800 DEOPT UNPACKING pc=0x000002c4b5b0a95e sp=0x000000d44cbf7b50 mode 0
Event: 15.007 Thread 0x000002c4cf480800 DEOPT PACKING pc=0x000002c4b63ddbe8 sp=0x000000d44cbf8b80
Event: 15.007 Thread 0x000002c4cf480800 DEOPT UNPACKING pc=0x000002c4b5b0a95e sp=0x000000d44cbf8088 mode 0
Event: 15.919 Thread 0x000002c4cf480800 Uncommon trap: trap_request=0xffffff4d fr.pc=0x000002c4bd6b5ff0 relative=0x0000000000004f10
Event: 15.919 Thread 0x000002c4cf480800 Uncommon trap: reason=unstable_if action=reinterpret pc=0x000002c4bd6b5ff0 method=java.lang.StringLatin1.regionMatchesCI([BI[BII)Z @ 66 c2
Event: 15.919 Thread 0x000002c4cf480800 DEOPT PACKING pc=0x000002c4bd6b5ff0 sp=0x000000d44cbf7320
Event: 15.919 Thread 0x000002c4cf480800 DEOPT UNPACKING pc=0x000002c4b5b0a1af sp=0x000000d44cbf70d0 mode 2
Event: 16.615 Thread 0x000002c4cf480800 Uncommon trap: trap_request=0xffffff4d fr.pc=0x000002c4bd5d5458 relative=0x0000000000000578
Event: 16.615 Thread 0x000002c4cf480800 Uncommon trap: reason=unstable_if action=reinterpret pc=0x000002c4bd5d5458 method=java.util.jar.Manifest$FastInputStream.readLine([BII)I @ 130 c2
Event: 16.615 Thread 0x000002c4cf480800 DEOPT PACKING pc=0x000002c4bd5d5458 sp=0x000000d44cbf4ac0
Event: 16.615 Thread 0x000002c4cf480800 DEOPT UNPACKING pc=0x000002c4b5b0a1af sp=0x000000d44cbf4a50 mode 2
Event: 16.648 Thread 0x000002c4cf480800 Uncommon trap: trap_request=0xffffff7e fr.pc=0x000002c4bd77a18c relative=0x00000000000001ac
Event: 16.648 Thread 0x000002c4cf480800 Uncommon trap: reason=predicate action=maybe_recompile pc=0x000002c4bd77a18c method=java.util.Arrays.binarySearch0([Ljava/lang/Object;IILjava/lang/Object;Ljava/util/Comparator;)I @ 25 c2
Event: 16.648 Thread 0x000002c4cf480800 DEOPT PACKING pc=0x000002c4bd77a18c sp=0x000000d44cbf68a0
Event: 16.648 Thread 0x000002c4cf480800 DEOPT UNPACKING pc=0x000002c4b5b0a1af sp=0x000000d44cbf6808 mode 2
Event: 16.687 Thread 0x000002c4cf480800 DEOPT PACKING pc=0x000002c4b63ddbe8 sp=0x000000d44cbf1700
Event: 16.688 Thread 0x000002c4cf480800 DEOPT UNPACKING pc=0x000002c4b5b0a95e sp=0x000000d44cbf0c08 mode 0

Classes redefined (0 events):
No events

Internal exceptions (20 events):
Event: 16.718 Thread 0x000002c4cf480800 Exception <a 'java/lang/ClassNotFoundException'{0x000000008b4b6278}: org/jetbrains/plugins/gradle/tooling/builder/ExternalProjectBuilderImpl$1BeanInfo> (0x000000008b4b6278) thrown at [src/hotspot/share/classfile/systemDictionary.cpp, line 230]
Event: 16.719 Thread 0x000002c4cf480800 Exception <a 'java/lang/ClassNotFoundException'{0x000000008b4c2df0}: org/jetbrains/plugins/gradle/tooling/builder/ExternalProjectBuilderImpl$1Customizer> (0x000000008b4c2df0) thrown at [src/hotspot/share/classfile/systemDictionary.cpp, line 230]
Event: 16.729 Thread 0x000002c4cf480800 Exception <a 'java/lang/ClassNotFoundException'{0x000000008b324858}: org/jetbrains/plugins/gradle/tooling/builder/ExternalProjectBuilderImplBeanInfo> (0x000000008b324858) thrown at [src/hotspot/share/classfile/systemDictionary.cpp, line 230]
Event: 16.729 Thread 0x000002c4cf480800 Exception <a 'java/lang/ClassNotFoundException'{0x000000008b331268}: org/jetbrains/plugins/gradle/tooling/builder/ExternalProjectBuilderImplCustomizer> (0x000000008b331268) thrown at [src/hotspot/share/classfile/systemDictionary.cpp, line 230]
Event: 16.749 Thread 0x000002c4cf480800 Exception <a 'java/lang/ClassNotFoundException'{0x000000008b3f1328}: org/jetbrains/plugins/gradle/tooling/tasks/DependenciesReport$ReportGeneratorBeanInfo> (0x000000008b3f1328) thrown at [src/hotspot/share/classfile/systemDictionary.cpp, line 230]
Event: 16.750 Thread 0x000002c4cf480800 Exception <a 'java/lang/ClassNotFoundException'{0x000000008b3fdeb8}: org/jetbrains/plugins/gradle/tooling/tasks/DependenciesReport$ReportGeneratorCustomizer> (0x000000008b3fdeb8) thrown at [src/hotspot/share/classfile/systemDictionary.cpp, line 230]
Event: 16.756 Thread 0x000002c4cf480800 Exception <a 'java/lang/ClassNotFoundException'{0x000000008b23b658}: org/jetbrains/plugins/gradle/tooling/builder/DependencyGraphModelBuilderImplBeanInfo> (0x000000008b23b658) thrown at [src/hotspot/share/classfile/systemDictionary.cpp, line 230]
Event: 16.757 Thread 0x000002c4cf480800 Exception <a 'java/lang/ClassNotFoundException'{0x000000008b2481e0}: org/jetbrains/plugins/gradle/tooling/builder/DependencyGraphModelBuilderImplCustomizer> (0x000000008b2481e0) thrown at [src/hotspot/share/classfile/systemDictionary.cpp, line 230]
Event: 16.806 Thread 0x000002c4cf480800 Exception <a 'java/lang/ClassNotFoundException'{0x000000008b1049a0}: org/jetbrains/plugins/gradle/tooling/builder/ExternalTestsModelBuilderImplBeanInfo> (0x000000008b1049a0) thrown at [src/hotspot/share/classfile/systemDictionary.cpp, line 230]
Event: 16.807 Thread 0x000002c4cf480800 Exception <a 'java/lang/ClassNotFoundException'{0x000000008b111520}: org/jetbrains/plugins/gradle/tooling/builder/ExternalTestsModelBuilderImplCustomizer> (0x000000008b111520) thrown at [src/hotspot/share/classfile/systemDictionary.cpp, line 230]
Event: 16.872 Thread 0x000002c4cf480800 Exception <a 'java/lang/ClassNotFoundException'{0x000000008af988e8}: org/jetbrains/plugins/gradle/tooling/builder/ProjectExtensionsDataBuilderImplBeanInfo> (0x000000008af988e8) thrown at [src/hotspot/share/classfile/systemDictionary.cpp, line 230]
Event: 16.872 Thread 0x000002c4cf480800 Exception <a 'java/lang/ClassNotFoundException'{0x000000008afa5470}: org/jetbrains/plugins/gradle/tooling/builder/ProjectExtensionsDataBuilderImplCustomizer> (0x000000008afa5470) thrown at [src/hotspot/share/classfile/systemDictionary.cpp, line 230]
Event: 16.877 Thread 0x000002c4cf480800 Exception <a 'java/lang/ClassNotFoundException'{0x000000008afde700}: org/jetbrains/plugins/gradle/tooling/builder/IntelliJSettingsBuilderBeanInfo> (0x000000008afde700) thrown at [src/hotspot/share/classfile/systemDictionary.cpp, line 230]
Event: 16.878 Thread 0x000002c4cf480800 Exception <a 'java/lang/ClassNotFoundException'{0x000000008afeb088}: org/jetbrains/plugins/gradle/tooling/builder/IntelliJSettingsBuilderCustomizer> (0x000000008afeb088) thrown at [src/hotspot/share/classfile/systemDictionary.cpp, line 230]
Event: 16.883 Thread 0x000002c4cf480800 Exception <a 'java/lang/ClassNotFoundException'{0x000000008ae24ba8}: org/jetbrains/plugins/gradle/tooling/builder/IntelliJProjectSettingsBuilderBeanInfo> (0x000000008ae24ba8) thrown at [src/hotspot/share/classfile/systemDictionary.cpp, line 230]
Event: 16.884 Thread 0x000002c4cf480800 Exception <a 'java/lang/ClassNotFoundException'{0x000000008ae31728}: org/jetbrains/plugins/gradle/tooling/builder/IntelliJProjectSettingsBuilderCustomizer> (0x000000008ae31728) thrown at [src/hotspot/share/classfile/systemDictionary.cpp, line 230]
Event: 17.091 Thread 0x000002c4cf480800 Exception <a 'java/lang/ClassNotFoundException'{0x000000008ad3afb0}: ijtestinit_krlvju6fevmjqim2euu288ddBeanInfo> (0x000000008ad3afb0) thrown at [src/hotspot/share/classfile/systemDictionary.cpp, line 230]
Event: 17.091 Thread 0x000002c4cf480800 Exception <a 'java/lang/ClassNotFoundException'{0x000000008ad478c8}: ijtestinit_krlvju6fevmjqim2euu288ddCustomizer> (0x000000008ad478c8) thrown at [src/hotspot/share/classfile/systemDictionary.cpp, line 230]
Event: 17.139 Thread 0x000002c4cf480800 Exception <a 'java/lang/ClassNotFoundException'{0x000000008adfa158}: org/gradle/execution/taskgraph/DefaultTaskExecutionGraphBeanInfo> (0x000000008adfa158) thrown at [src/hotspot/share/classfile/systemDictionary.cpp, line 230]
Event: 17.140 Thread 0x000002c4cf480800 Exception <a 'java/lang/ClassNotFoundException'{0x000000008ac23910}: org/gradle/execution/taskgraph/DefaultTaskExecutionGraphCustomizer> (0x000000008ac23910) thrown at [src/hotspot/share/classfile/systemDictionary.cpp, line 230]

Events (20 events):
Event: 17.137 loading class org/gradle/execution/plan/ExecutionPlan$ScheduledNodes
Event: 17.137 loading class org/gradle/execution/plan/ExecutionPlan$ScheduledNodes done
Event: 17.138 loading class org/gradle/execution/taskgraph/DefaultTaskExecutionGraphBeanInfo
Event: 17.138 loading class org/gradle/execution/taskgraph/DefaultTaskExecutionGraphBeanInfo done
Event: 17.138 loading class org/gradle/execution/taskgraph/DefaultTaskExecutionGraphBeanInfo
Event: 17.138 loading class org/gradle/execution/taskgraph/DefaultTaskExecutionGraphBeanInfo done
Event: 17.138 loading class org/gradle/execution/taskgraph/DefaultTaskExecutionGraphBeanInfo
Event: 17.138 loading class org/gradle/execution/taskgraph/DefaultTaskExecutionGraphBeanInfo done
Event: 17.139 loading class org/gradle/execution/taskgraph/DefaultTaskExecutionGraphBeanInfo
Event: 17.139 loading class org/gradle/execution/taskgraph/DefaultTaskExecutionGraphBeanInfo done
Event: 17.139 loading class org/gradle/execution/taskgraph/DefaultTaskExecutionGraphCustomizer
Event: 17.139 loading class org/gradle/execution/taskgraph/DefaultTaskExecutionGraphCustomizer done
Event: 17.139 loading class org/gradle/execution/taskgraph/DefaultTaskExecutionGraphCustomizer
Event: 17.139 loading class org/gradle/execution/taskgraph/DefaultTaskExecutionGraphCustomizer done
Event: 17.139 loading class org/gradle/execution/taskgraph/DefaultTaskExecutionGraphCustomizer
Event: 17.139 loading class org/gradle/execution/taskgraph/DefaultTaskExecutionGraphCustomizer done
Event: 17.140 loading class org/gradle/execution/taskgraph/DefaultTaskExecutionGraphCustomizer
Event: 17.140 loading class org/gradle/execution/taskgraph/DefaultTaskExecutionGraphCustomizer done
Event: 17.144 loading class org/gradle/listener/ClosureBackedMethodInvocationDispatch
Event: 17.144 loading class org/gradle/listener/ClosureBackedMethodInvocationDispatch done


Dynamic libraries:
0x00007ff6ee1f0000 - 0x00007ff6ee1fa000 	E:\android\jbr\bin\java.exe
0x00007fff952e0000 - 0x00007fff954c0000 	C:\WINDOWS\SYSTEM32\ntdll.dll
0x00007fff92c60000 - 0x00007fff92d0e000 	C:\WINDOWS\System32\KERNEL32.DLL
0x00007fff92520000 - 0x00007fff92786000 	C:\WINDOWS\System32\KERNELBASE.dll
0x00007fff91790000 - 0x00007fff91886000 	C:\WINDOWS\System32\ucrtbase.dll
0x00007fff8bbe0000 - 0x00007fff8bbf7000 	E:\android\jbr\bin\jli.dll
0x00007fff8c120000 - 0x00007fff8c13b000 	E:\android\jbr\bin\VCRUNTIME140.dll
0x00007fff93800000 - 0x00007fff9398f000 	C:\WINDOWS\System32\USER32.dll
0x00007fff92790000 - 0x00007fff927b0000 	C:\WINDOWS\System32\win32u.dll
0x00007fff85b50000 - 0x00007fff85db9000 	C:\WINDOWS\WinSxS\amd64_microsoft.windows.common-controls_6595b64144ccf1df_6.0.16299.125_none_15cbcf8893620c09\COMCTL32.dll
0x00007fff93a60000 - 0x00007fff93a88000 	C:\WINDOWS\System32\GDI32.dll
0x00007fff91970000 - 0x00007fff91b03000 	C:\WINDOWS\System32\gdi32full.dll
0x00007fff95130000 - 0x00007fff951cd000 	C:\WINDOWS\System32\msvcrt.dll
0x00007fff92480000 - 0x00007fff9251b000 	C:\WINDOWS\System32\msvcp_win.dll
0x00007fff934f0000 - 0x00007fff937f8000 	C:\WINDOWS\System32\combase.dll
0x00007fff92d10000 - 0x00007fff92e2f000 	C:\WINDOWS\System32\RPCRT4.dll
0x00007fff918f0000 - 0x00007fff91962000 	C:\WINDOWS\System32\bcryptPrimitives.dll
0x00007fff92f60000 - 0x00007fff92f8d000 	C:\WINDOWS\System32\IMM32.DLL
0x00007fff5fa90000 - 0x00007fff5fa9c000 	E:\android\jbr\bin\vcruntime140_1.dll
0x00007fff62660000 - 0x00007fff626ed000 	E:\android\jbr\bin\msvcp140.dll
0x00007fff5faa0000 - 0x00007fff6065c000 	E:\android\jbr\bin\server\jvm.dll
0x00007fff93440000 - 0x00007fff934e1000 	C:\WINDOWS\System32\ADVAPI32.dll
0x00007fff92c00000 - 0x00007fff92c5b000 	C:\WINDOWS\System32\sechost.dll
0x00007fff95070000 - 0x00007fff95078000 	C:\WINDOWS\System32\PSAPI.DLL
0x00007fff7a7d0000 - 0x00007fff7a7d9000 	C:\WINDOWS\SYSTEM32\WSOCK32.dll
0x00007fff8f620000 - 0x00007fff8f643000 	C:\WINDOWS\SYSTEM32\WINMM.dll
0x00007fff85dd0000 - 0x00007fff85dda000 	C:\WINDOWS\SYSTEM32\VERSION.dll
0x00007fff927b0000 - 0x00007fff9281c000 	C:\WINDOWS\System32\WS2_32.dll
0x00007fff8f5c0000 - 0x00007fff8f5ea000 	C:\WINDOWS\SYSTEM32\WINMMBASE.dll
0x00007fff92260000 - 0x00007fff922aa000 	C:\WINDOWS\System32\cfgmgr32.dll
0x00007fff91670000 - 0x00007fff91681000 	C:\WINDOWS\System32\kernel.appcore.dll
0x00007fff5fa80000 - 0x00007fff5fa90000 	E:\android\jbr\bin\verify.dll
0x00007fff84420000 - 0x00007fff845e8000 	C:\WINDOWS\SYSTEM32\DBGHELP.DLL
0x00007fff83090000 - 0x00007fff830b9000 	C:\WINDOWS\SYSTEM32\dbgcore.DLL
0x00007fff5fa50000 - 0x00007fff5fa78000 	E:\android\jbr\bin\java.dll
0x00007fff5fa40000 - 0x00007fff5fa4a000 	E:\android\jbr\bin\jimage.dll
0x00007fff5fa20000 - 0x00007fff5fa38000 	E:\android\jbr\bin\zip.dll
0x00007fff93c30000 - 0x00007fff95066000 	C:\WINDOWS\System32\SHELL32.dll
0x00007fff95080000 - 0x00007fff95126000 	C:\WINDOWS\System32\shcore.dll
0x00007fff91b10000 - 0x00007fff92257000 	C:\WINDOWS\System32\windows.storage.dll
0x00007fff933e0000 - 0x00007fff93431000 	C:\WINDOWS\System32\shlwapi.dll
0x00007fff91690000 - 0x00007fff916dc000 	C:\WINDOWS\System32\powrprof.dll
0x00007fff91630000 - 0x00007fff9164b000 	C:\WINDOWS\System32\profapi.dll
0x00007fff5fa00000 - 0x00007fff5fa19000 	E:\android\jbr\bin\net.dll
0x00007fff89690000 - 0x00007fff8976e000 	C:\WINDOWS\SYSTEM32\WINHTTP.dll
0x00007fff90ec0000 - 0x00007fff90f26000 	C:\WINDOWS\system32\mswsock.dll
0x00007fff5f9e0000 - 0x00007fff5f9f3000 	E:\android\jbr\bin\nio.dll
0x00007fff8e3f0000 - 0x00007fff8e417000 	C:\Users\M.Hamada\.gradle\native\e1d6ef7f7dcc3fd88c89a11ec53ec762bb8ba0a96d01ffa2cd45eb1d1d8dd5c5\windows-amd64\native-platform.dll
0x00007fff76f10000 - 0x00007fff77054000 	C:\Users\M.Hamada\.gradle\native\0d407fdbe67a94daf76414ababcb853783967236a71b16ec16e742cd7a986fd3\windows-amd64\native-platform-file-events.dll
0x00007fff5f8f0000 - 0x00007fff5f8fa000 	E:\android\jbr\bin\management.dll
0x00007fff5f8e0000 - 0x00007fff5f8eb000 	E:\android\jbr\bin\management_ext.dll
0x00007fff91080000 - 0x00007fff91097000 	C:\WINDOWS\SYSTEM32\CRYPTSP.dll
0x00007fff90a70000 - 0x00007fff90aa3000 	C:\WINDOWS\system32\rsaenh.dll
0x00007fff91190000 - 0x00007fff911b5000 	C:\WINDOWS\SYSTEM32\bcrypt.dll
0x00007fff91560000 - 0x00007fff91589000 	C:\WINDOWS\SYSTEM32\USERENV.dll
0x00007fff910a0000 - 0x00007fff910ab000 	C:\WINDOWS\SYSTEM32\CRYPTBASE.dll
0x00007fff90bf0000 - 0x00007fff90c29000 	C:\WINDOWS\SYSTEM32\IPHLPAPI.DLL
0x00007fff92820000 - 0x00007fff92828000 	C:\WINDOWS\System32\NSI.dll
0x00007fff8a480000 - 0x00007fff8a496000 	C:\WINDOWS\SYSTEM32\dhcpcsvc6.DLL
0x00007fff8a550000 - 0x00007fff8a56a000 	C:\WINDOWS\SYSTEM32\dhcpcsvc.DLL

dbghelp: loaded successfully - version: 4.0.5 - missing functions: none
symbol engine: initialized successfully - sym options: 0x614 - pdb path: .;E:\android\jbr\bin;C:\WINDOWS\SYSTEM32;C:\WINDOWS\WinSxS\amd64_microsoft.windows.common-controls_6595b64144ccf1df_6.0.16299.125_none_15cbcf8893620c09;E:\android\jbr\bin\server;C:\Users\M.Hamada\.gradle\native\e1d6ef7f7dcc3fd88c89a11ec53ec762bb8ba0a96d01ffa2cd45eb1d1d8dd5c5\windows-amd64;C:\Users\M.Hamada\.gradle\native\0d407fdbe67a94daf76414ababcb853783967236a71b16ec16e742cd7a986fd3\windows-amd64

VM Arguments:
jvm_args: --add-opens=java.base/java.util=ALL-UNNAMED --add-opens=java.base/java.lang=ALL-UNNAMED --add-opens=java.base/java.lang.invoke=ALL-UNNAMED --add-opens=java.base/java.util=ALL-UNNAMED --add-opens=java.prefs/java.util.prefs=ALL-UNNAMED --add-opens=java.prefs/java.util.prefs=ALL-UNNAMED --add-opens=java.base/java.nio.charset=ALL-UNNAMED --add-opens=java.base/java.net=ALL-UNNAMED --add-opens=java.base/java.util.concurrent.atomic=ALL-UNNAMED -Xmx2048m -Dfile.encoding=UTF-8 -Duser.country=US -Duser.language=en -Duser.variant 
java_command: org.gradle.launcher.daemon.bootstrap.GradleDaemon 7.5
java_class_path (initial): C:\Users\M.Hamada\.gradle\wrapper\dists\gradle-7.5-bin\f1w0cc9nuo0eivz97x2xlu9sv\gradle-7.5\lib\gradle-launcher-7.5.jar
Launcher Type: SUN_STANDARD

[Global flags]
     intx CICompilerCount                          = 3                                         {product} {ergonomic}
     uint ConcGCThreads                            = 1                                         {product} {ergonomic}
     uint G1ConcRefinementThreads                  = 4                                         {product} {ergonomic}
   size_t G1HeapRegionSize                         = 1048576                                   {product} {ergonomic}
    uintx GCDrainStackTargetSize                   = 64                                        {product} {ergonomic}
   size_t InitialHeapSize                          = 134217728                                 {product} {ergonomic}
   size_t MarkStackSize                            = 4194304                                   {product} {ergonomic}
   size_t MaxHeapSize                              = 2147483648                                {product} {command line}
   size_t MaxNewSize                               = 1287651328                                {product} {ergonomic}
   size_t MinHeapDeltaBytes                        = 1048576                                   {product} {ergonomic}
    uintx NonNMethodCodeHeapSize                   = 5830732                                {pd product} {ergonomic}
    uintx NonProfiledCodeHeapSize                  = 122913754                              {pd product} {ergonomic}
    uintx ProfiledCodeHeapSize                     = 122913754                              {pd product} {ergonomic}
    uintx ReservedCodeCacheSize                    = 251658240                              {pd product} {ergonomic}
     bool SegmentedCodeCache                       = true                                      {product} {ergonomic}
     bool UseCompressedClassPointers               = true                                 {lp64_product} {ergonomic}
     bool UseCompressedOops                        = true                                 {lp64_product} {ergonomic}
     bool UseG1GC                                  = true                                      {product} {ergonomic}
     bool UseLargePagesIndividualAllocation        = false                                  {pd product} {ergonomic}

Logging:
Log output configuration:
 #0: stdout all=warning uptime,level,tags
 #1: stderr all=off uptime,level,tags

Environment Variables:
JAVA_HOME=C:\Program Files\Java\jdk-11.0.17
PATH=C:\Program Files\Common Files\Oracle\Java\javapath;C:\ProgramData\Oracle\Java\javapath;C:\WINDOWS\system32;C:\WINDOWS;C:\WINDOWS\System32\Wbem;C:\WINDOWS\System32\WindowsPowerShell\v1.0\;C:\Program Files\Git\cmd;E:\Anaconda;C:\Program Files\Redis\;C:\Program Files\MySQL\MySQL Server 5.5\bin;C:\Program Files\Java\jdk-11.0.11;F:\???????\?????\dart-sdk\bin;C:\Users\M.Hamada\AppData\Local\GitHubDesktop\bin;E:\android\flutter\bin\cache\dart-sdk\bin;C:\Program Files\Java\jdk-11.0.11\bin;
USERNAME=M.Hamada
OS=Windows_NT
PROCESSOR_IDENTIFIER=Intel64 Family 6 Model 58 Stepping 9, GenuineIntel



---------------  S Y S T E M  ---------------

OS: Windows 10 , 64 bit Build 16299 (10.0.16299.15)
OS uptime: 0 days 6:41 hours

CPU:total 4 (initial active 4) (2 cores per cpu, 2 threads per core) family 6 model 58 stepping 9 microcode 0x20, cmov, cx8, fxsr, mmx, sse, sse2, sse3, ssse3, sse4.1, sse4.2, popcnt, avx, clmul, erms, ht, tsc, tscinvbit, tscinv

Memory: 4k page, system-wide physical 8067M (281M free)
TotalPageFile size 8067M (AvailPageFile size 7M)
current process WorkingSet (physical memory assigned to process): 322M, peak: 327M
current process commit charge ("private bytes"): 374M, peak: 379M

vm_info: OpenJDK 64-Bit Server VM (11.0.15+0-b2043.56-9505619) for windows-amd64 JRE (11.0.15+0-b2043.56-9505619), built on Jan 19 2023 02:48:00 by "builduser" with unknown MS VC++:1929

END.
